Build started 8/20/2024 11:10:24 PM.
     1>Project "C:\Users\NGUYEN MANH DUNG\Desktop\PM2012\Ver2_Longsent\Version2\Version2\Version2.vcxproj" on node 2 (Build target(s)).
     1>ClCompile:
         D:\System\APP\SETUP\VS2012\VC\bin\CL.exe /c /I"C:\Users\NGUYEN MANH DUNG\Desktop\PM2012\SFML-2.4.0\include" /ZI /nologo /W3 /WX- /Od /Oy- /D WIN32 /D _DEBUG /D _CONSOLE /D _UNICODE /D UNICODE /Gm /EHsc /RTC1 /MDd /GS /fp:precise /Zc:wchar_t /Zc:forScope /Fo"Debug\\" /Fd"Debug\vc110.pdb" /Gd /TP /analyze- /errorReport:prompt ..\..\Pacman\Source\ConvertSketch.cpp ..\..\Pacman\Source\DrawText.cpp ..\..\Pacman\Source\Ghost.cpp ..\..\Pacman\Source\GhostManager.cpp ..\..\Pacman\Source\Main.cpp ..\..\Pacman\Source\Pacman.cpp
         Pacman.cpp
     1>c:\users\nguyen manh dung\desktop\pm2012\ver2_longsent\pacman\source\pacman.cpp(14): error C2143: syntax error : missing ')' before '{'
     1>c:\users\nguyen manh dung\desktop\pm2012\ver2_longsent\pacman\source\pacman.cpp(14): error C2143: syntax error : missing ';' before '}'
     1>c:\users\nguyen manh dung\desktop\pm2012\ver2_longsent\pacman\source\pacman.cpp(14): error C2059: syntax error : ')'
     1>c:\users\nguyen manh dung\desktop\pm2012\ver2_longsent\pacman\source\pacman.cpp(15): error C2447: '{' : missing function header (old-style formal list?)
     1>c:\users\nguyen manh dung\desktop\pm2012\ver2_longsent\pacman\source\pacman.cpp(111): error C2059: syntax error : '{'
     1>c:\users\nguyen manh dung\desktop\pm2012\ver2_longsent\pacman\source\pacman.cpp(111): error C2143: syntax error : missing ';' before '{'
     1>c:\users\nguyen manh dung\desktop\pm2012\ver2_longsent\pacman\source\pacman.cpp(111): error C2143: syntax error : missing ';' before '}'
     1>c:\users\nguyen manh dung\desktop\pm2012\ver2_longsent\pacman\source\pacman.cpp(116): error C2601: 'walls' : local function definitions are illegal
                 c:\users\nguyen manh dung\desktop\pm2012\ver2_longsent\pacman\source\pacman.cpp(115): this line contains a '{' which has not yet been matched
     1>c:\users\nguyen manh dung\desktop\pm2012\ver2_longsent\pacman\source\pacman.cpp(117): error C2065: 'walls' : undeclared identifier
     1>c:\users\nguyen manh dung\desktop\pm2012\ver2_longsent\pacman\source\pacman.cpp(117): error C2065: 'position' : undeclared identifier
     1>c:\users\nguyen manh dung\desktop\pm2012\ver2_longsent\pacman\source\pacman.cpp(117): error C2228: left of '.x' must have class/struct/union
                 type is ''unknown-type''
     1>c:\users\nguyen manh dung\desktop\pm2012\ver2_longsent\pacman\source\pacman.cpp(117): error C2228: left of '.y' must have class/struct/union
                 type is ''unknown-type''
     1>c:\users\nguyen manh dung\desktop\pm2012\ver2_longsent\pacman\source\pacman.cpp(117): error C2065: 'i_map' : undeclared identifier
     1>c:\users\nguyen manh dung\desktop\pm2012\ver2_longsent\pacman\source\pacman.cpp(118): error C2065: 'walls' : undeclared identifier
     1>c:\users\nguyen manh dung\desktop\pm2012\ver2_longsent\pacman\source\pacman.cpp(118): error C2065: 'position' : undeclared identifier
     1>c:\users\nguyen manh dung\desktop\pm2012\ver2_longsent\pacman\source\pacman.cpp(118): error C2228: left of '.x' must have class/struct/union
                 type is ''unknown-type''
     1>c:\users\nguyen manh dung\desktop\pm2012\ver2_longsent\pacman\source\pacman.cpp(118): error C2228: left of '.y' must have class/struct/union
                 type is ''unknown-type''
     1>c:\users\nguyen manh dung\desktop\pm2012\ver2_longsent\pacman\source\pacman.cpp(118): error C2065: 'i_map' : undeclared identifier
     1>c:\users\nguyen manh dung\desktop\pm2012\ver2_longsent\pacman\source\pacman.cpp(119): error C2065: 'walls' : undeclared identifier
     1>c:\users\nguyen manh dung\desktop\pm2012\ver2_longsent\pacman\source\pacman.cpp(119): error C2065: 'position' : undeclared identifier
     1>c:\users\nguyen manh dung\desktop\pm2012\ver2_longsent\pacman\source\pacman.cpp(119): error C2228: left of '.x' must have class/struct/union
                 type is ''unknown-type''
     1>c:\users\nguyen manh dung\desktop\pm2012\ver2_longsent\pacman\source\pacman.cpp(119): error C2228: left of '.y' must have class/struct/union
                 type is ''unknown-type''
     1>c:\users\nguyen manh dung\desktop\pm2012\ver2_longsent\pacman\source\pacman.cpp(119): error C2065: 'i_map' : undeclared identifier
     1>c:\users\nguyen manh dung\desktop\pm2012\ver2_longsent\pacman\source\pacman.cpp(120): error C2065: 'walls' : undeclared identifier
     1>c:\users\nguyen manh dung\desktop\pm2012\ver2_longsent\pacman\source\pacman.cpp(120): error C2065: 'position' : undeclared identifier
     1>c:\users\nguyen manh dung\desktop\pm2012\ver2_longsent\pacman\source\pacman.cpp(120): error C2228: left of '.x' must have class/struct/union
                 type is ''unknown-type''
     1>c:\users\nguyen manh dung\desktop\pm2012\ver2_longsent\pacman\source\pacman.cpp(120): error C2228: left of '.y' must have class/struct/union
                 type is ''unknown-type''
     1>c:\users\nguyen manh dung\desktop\pm2012\ver2_longsent\pacman\source\pacman.cpp(120): error C2065: 'i_map' : undeclared identifier
     1>c:\users\nguyen manh dung\desktop\pm2012\ver2_longsent\pacman\source\pacman.cpp(124): error C2065: 'walls' : undeclared identifier
     1>c:\users\nguyen manh dung\desktop\pm2012\ver2_longsent\pacman\source\pacman.cpp(126): error C2065: 'direction' : undeclared identifier
     1>c:\users\nguyen manh dung\desktop\pm2012\ver2_longsent\pacman\source\pacman.cpp(130): fatal error C1903: unable to recover from previous error(s); stopping compilation
         Main.cpp
     1>c:\users\nguyen manh dung\desktop\pm2012\ver2_longsent\pacman\source\main.cpp(53): error C2601: 'map' : local function definitions are illegal
                 c:\users\nguyen manh dung\desktop\pm2012\ver2_longsent\pacman\source\main.cpp(16): this line contains a '{' which has not yet been matched
     1>c:\users\nguyen manh dung\desktop\pm2012\ver2_longsent\pacman\source\main.cpp(53): fatal error C1903: unable to recover from previous error(s); stopping compilation
         GhostManager.cpp
     1>c:\users\nguyen manh dung\desktop\pm2012\ver2_longsent\pacman\source\ghostmanager.cpp(13): error C2143: syntax error : missing ')' before '{'
     1>c:\users\nguyen manh dung\desktop\pm2012\ver2_longsent\pacman\source\ghostmanager.cpp(13): error C2512: 'std::array<_Ty,_Size>' : no appropriate default constructor available
                 with
                 [
                     _Ty=Ghost,
                     _Size=4
                 ]
     1>c:\users\nguyen manh dung\desktop\pm2012\ver2_longsent\pacman\source\ghostmanager.cpp(13): error C2143: syntax error : missing ';' before '}'
     1>c:\users\nguyen manh dung\desktop\pm2012\ver2_longsent\pacman\source\ghostmanager.cpp(13): error C2059: syntax error : ')'
     1>c:\users\nguyen manh dung\desktop\pm2012\ver2_longsent\pacman\source\ghostmanager.cpp(14): error C2447: '{' : missing function header (old-style formal list?)
         Ghost.cpp
     1>c:\users\nguyen manh dung\desktop\pm2012\ver2_longsent\pacman\source\ghost.cpp(181): error C2059: syntax error : '{'
     1>c:\users\nguyen manh dung\desktop\pm2012\ver2_longsent\pacman\source\ghost.cpp(181): error C2143: syntax error : missing ';' before '{'
     1>c:\users\nguyen manh dung\desktop\pm2012\ver2_longsent\pacman\source\ghost.cpp(181): error C2143: syntax error : missing ';' before '}'
     1>c:\users\nguyen manh dung\desktop\pm2012\ver2_longsent\pacman\source\ghost.cpp(186): warning C4800: 'int' : forcing value to bool 'true' or 'false' (performance warning)
     1>c:\users\nguyen manh dung\desktop\pm2012\ver2_longsent\pacman\source\ghost.cpp(199): error C2601: 'walls' : local function definitions are illegal
                 c:\users\nguyen manh dung\desktop\pm2012\ver2_longsent\pacman\source\ghost.cpp(190): this line contains a '{' which has not yet been matched
     1>c:\users\nguyen manh dung\desktop\pm2012\ver2_longsent\pacman\source\ghost.cpp(202): error C2065: 'frightened_mode' : undeclared identifier
     1>c:\users\nguyen manh dung\desktop\pm2012\ver2_longsent\pacman\source\ghost.cpp(202): error C2065: 'i_pacman' : undeclared identifier
     1>c:\users\nguyen manh dung\desktop\pm2012\ver2_longsent\pacman\source\ghost.cpp(202): error C2228: left of '.get_energizer_timer' must have class/struct/union
                 type is ''unknown-type''
     1>c:\users\nguyen manh dung\desktop\pm2012\ver2_longsent\pacman\source\ghost.cpp(202): error C2065: 'i_level' : undeclared identifier
     1>c:\users\nguyen manh dung\desktop\pm2012\ver2_longsent\pacman\source\ghost.cpp(204): error C2065: 'frightened_speed_timer' : undeclared identifier
     1>c:\users\nguyen manh dung\desktop\pm2012\ver2_longsent\pacman\source\ghost.cpp(206): error C2065: 'frightened_mode' : undeclared identifier
     1>c:\users\nguyen manh dung\desktop\pm2012\ver2_longsent\pacman\source\ghost.cpp(208): fatal error C1903: unable to recover from previous error(s); stopping compilation
         DrawText.cpp
     1>c:\users\nguyen manh dung\desktop\pm2012\ver2_longsent\pacman\source\drawtext.cpp(28): error C3861: 'round': identifier not found
     1>c:\users\nguyen manh dung\desktop\pm2012\ver2_longsent\pacman\source\drawtext.cpp(29): error C3861: 'round': identifier not found
     1>c:\users\nguyen manh dung\desktop\pm2012\ver2_longsent\pacman\source\drawtext.cpp(39): error C3861: 'round': identifier not found
         ConvertSketch.cpp
     1>c:\users\nguyen manh dung\desktop\pm2012\ver2_longsent\pacman\source\convertsketch.cpp(13): error C2601: 'output_map' : local function definitions are illegal
                 c:\users\nguyen manh dung\desktop\pm2012\ver2_longsent\pacman\source\convertsketch.cpp(10): this line contains a '{' which has not yet been matched
     1>c:\users\nguyen manh dung\desktop\pm2012\ver2_longsent\pacman\source\convertsketch.cpp(13): fatal error C1903: unable to recover from previous error(s); stopping compilation
         Generating Code...
     1>Done Building Project "C:\Users\NGUYEN MANH DUNG\Desktop\PM2012\Ver2_Longsent\Version2\Version2\Version2.vcxproj" (Build target(s)) -- FAILED.

Build FAILED.

Time Elapsed 00:00:02.88
